This is pdfTeX, Version 3.14159265-2.6-1.40.18 (TeX Live 2017/Debian) (preloaded format=pdflatex 2017.10.28)  10 DEC 2017 14:04
entering extended mode
 restricted \write18 enabled.
 file:line:error style messages enabled.
 %&-line parsing enabled.
**slides.tex
(./slides.tex
LaTeX2e <2017-04-15>
Babel <3.12> and hyphenation patterns for 84 language(s) loaded.
(/usr/share/texlive/texmf-dist/tex/latex/beamer/beamer.cls
Document Class: beamer 2017/07/13 v3.42 A class for typesetting presentations
(/usr/share/texlive/texmf-dist/tex/latex/beamer/beamerbasemodes.sty
(/usr/share/texlive/texmf-dist/tex/latex/etoolbox/etoolbox.sty
Package: etoolbox 2017/01/02 v2.4 e-TeX tools for LaTeX (JAW)
\etb@tempcnta=\count79
)
\beamer@tempbox=\box26
\beamer@tempcount=\count80
\c@beamerpauses=\count81

(/usr/share/texlive/texmf-dist/tex/latex/beamer/beamerbasedecode.sty
\beamer@slideinframe=\count82
\beamer@minimum=\count83
)
\beamer@commentbox=\box27
\beamer@modecount=\count84
)
(/usr/share/texlive/texmf-dist/tex/generic/oberdiek/ifpdf.sty
Package: ifpdf 2017/03/15 v3.2 Provides the ifpdf switch
)
\headdp=\dimen102
\footheight=\dimen103
\sidebarheight=\dimen104
\beamer@tempdim=\dimen105
\beamer@finalheight=\dimen106
\beamer@animht=\dimen107
\beamer@animdp=\dimen108
\beamer@animwd=\dimen109
\beamer@leftmargin=\dimen110
\beamer@rightmargin=\dimen111
\beamer@leftsidebar=\dimen112
\beamer@rightsidebar=\dimen113
\beamer@boxsize=\dimen114
\beamer@vboxoffset=\dimen115
\beamer@descdefault=\dimen116
\beamer@descriptionwidth=\dimen117
\beamer@lastskip=\skip41
\beamer@areabox=\box28
\beamer@animcurrent=\box29
\beamer@animshowbox=\box30
\beamer@sectionbox=\box31
\beamer@logobox=\box32
\beamer@linebox=\box33
\beamer@sectioncount=\count85
\beamer@subsubsectionmax=\count86
\beamer@subsectionmax=\count87
\beamer@sectionmax=\count88
\beamer@totalheads=\count89
\beamer@headcounter=\count90
\beamer@partstartpage=\count91
\beamer@sectionstartpage=\count92
\beamer@subsectionstartpage=\count93
\beamer@animationtempa=\count94
\beamer@animationtempb=\count95
\beamer@xpos=\count96
\beamer@ypos=\count97
\beamer@showpartnumber=\count98
\beamer@currentsubsection=\count99
\beamer@coveringdepth=\count100
\beamer@sectionadjust=\count101
\beamer@tocsectionnumber=\count102

(/usr/share/texlive/texmf-dist/tex/latex/beamer/beamerbaseoptions.sty
(/usr/share/texlive/texmf-dist/tex/latex/graphics/keyval.sty
Package: keyval 2014/10/28 v1.15 key=value parser (DPC)
\KV@toks@=\toks14
))
\beamer@paperwidth=\skip42
\beamer@paperheight=\skip43

(/usr/share/texlive/texmf-dist/tex/latex/geometry/geometry.sty
Package: geometry 2010/09/12 v5.6 Page Geometry

(/usr/share/texlive/texmf-dist/tex/generic/oberdiek/ifvtex.sty
Package: ifvtex 2016/05/16 v1.6 Detect VTeX and its facilities (HO)
Package ifvtex Info: VTeX not detected.
)
(/usr/share/texlive/texmf-dist/tex/generic/ifxetex/ifxetex.sty
Package: ifxetex 2010/09/12 v0.6 Provides ifxetex conditional
)
\Gm@cnth=\count103
\Gm@cntv=\count104
\c@Gm@tempcnt=\count105
\Gm@bindingoffset=\dimen118
\Gm@wd@mp=\dimen119
\Gm@odd@mp=\dimen120
\Gm@even@mp=\dimen121
\Gm@layoutwidth=\dimen122
\Gm@layoutheight=\dimen123
\Gm@layouthoffset=\dimen124
\Gm@layoutvoffset=\dimen125
\Gm@dimlist=\toks15
)
(/usr/share/texlive/texmf-dist/tex/latex/base/size11.clo
File: size11.clo 2014/09/29 v1.4h Standard LaTeX file (size option)
)
(/usr/share/texlive/texmf-dist/tex/latex/pgf/basiclayer/pgfcore.sty
(/usr/share/texlive/texmf-dist/tex/latex/graphics/graphicx.sty
Package: graphicx 2017/06/01 v1.1a Enhanced LaTeX Graphics (DPC,SPQR)

(/usr/share/texlive/texmf-dist/tex/latex/graphics/graphics.sty
Package: graphics 2017/06/25 v1.2c Standard LaTeX Graphics (DPC,SPQR)

(/usr/share/texlive/texmf-dist/tex/latex/graphics/trig.sty
Package: trig 2016/01/03 v1.10 sin cos tan (DPC)
)
(/usr/share/texlive/texmf-dist/tex/latex/graphics-cfg/graphics.cfg
File: graphics.cfg 2016/06/04 v1.11 sample graphics configuration
)
Package graphics Info: Driver file: pdftex.def on input line 99.

(/usr/share/texlive/texmf-dist/tex/latex/graphics-def/pdftex.def
File: pdftex.def 2017/06/24 v1.0g Graphics/color driver for pdftex
))
\Gin@req@height=\dimen126
\Gin@req@width=\dimen127
)
(/usr/share/texlive/texmf-dist/tex/latex/pgf/systemlayer/pgfsys.sty
(/usr/share/texlive/texmf-dist/tex/latex/pgf/utilities/pgfrcs.sty
(/usr/share/texlive/texmf-dist/tex/generic/pgf/utilities/pgfutil-common.tex
\pgfutil@everybye=\toks16
\pgfutil@tempdima=\dimen128
\pgfutil@tempdimb=\dimen129

(/usr/share/texlive/texmf-dist/tex/generic/pgf/utilities/pgfutil-common-lists.t
ex)) (/usr/share/texlive/texmf-dist/tex/generic/pgf/utilities/pgfutil-latex.def
\pgfutil@abb=\box34
(/usr/share/texlive/texmf-dist/tex/latex/ms/everyshi.sty
Package: everyshi 2001/05/15 v3.00 EveryShipout Package (MS)
))
(/usr/share/texlive/texmf-dist/tex/generic/pgf/utilities/pgfrcs.code.tex
Package: pgfrcs 2015/08/07 v3.0.1a (rcs-revision 1.31)
))
(/usr/share/texlive/texmf-dist/tex/generic/pgf/systemlayer/pgfsys.code.tex
Package: pgfsys 2014/07/09 v3.0.1a (rcs-revision 1.48)

(/usr/share/texlive/texmf-dist/tex/generic/pgf/utilities/pgfkeys.code.tex
\pgfkeys@pathtoks=\toks17
\pgfkeys@temptoks=\toks18

(/usr/share/texlive/texmf-dist/tex/generic/pgf/utilities/pgfkeysfiltered.code.t
ex
\pgfkeys@tmptoks=\toks19
))
\pgf@x=\dimen130
\pgf@y=\dimen131
\pgf@xa=\dimen132
\pgf@ya=\dimen133
\pgf@xb=\dimen134
\pgf@yb=\dimen135
\pgf@xc=\dimen136
\pgf@yc=\dimen137
\w@pgf@writea=\write3
\r@pgf@reada=\read1
\c@pgf@counta=\count106
\c@pgf@countb=\count107
\c@pgf@countc=\count108
\c@pgf@countd=\count109
\t@pgf@toka=\toks20
\t@pgf@tokb=\toks21
\t@pgf@tokc=\toks22
 (/usr/share/texlive/texmf-dist/tex/generic/pgf/systemlayer/pgf.cfg
File: pgf.cfg 2008/05/14  (rcs-revision 1.7)
)
Driver file for pgf: pgfsys-pdftex.def

(/usr/share/texlive/texmf-dist/tex/generic/pgf/systemlayer/pgfsys-pdftex.def
File: pgfsys-pdftex.def 2014/10/11  (rcs-revision 1.35)

(/usr/share/texlive/texmf-dist/tex/generic/pgf/systemlayer/pgfsys-common-pdf.de
f
File: pgfsys-common-pdf.def 2013/10/10  (rcs-revision 1.13)
)))
(/usr/share/texlive/texmf-dist/tex/generic/pgf/systemlayer/pgfsyssoftpath.code.
tex
File: pgfsyssoftpath.code.tex 2013/09/09  (rcs-revision 1.9)
\pgfsyssoftpath@smallbuffer@items=\count110
\pgfsyssoftpath@bigbuffer@items=\count111
)
(/usr/share/texlive/texmf-dist/tex/generic/pgf/systemlayer/pgfsysprotocol.code.
tex
File: pgfsysprotocol.code.tex 2006/10/16  (rcs-revision 1.4)
)) (/usr/share/texlive/texmf-dist/tex/latex/xcolor/xcolor.sty
Package: xcolor 2016/05/11 v2.12 LaTeX color extensions (UK)

(/usr/share/texlive/texmf-dist/tex/latex/graphics-cfg/color.cfg
File: color.cfg 2016/01/02 v1.6 sample color configuration
)
Package xcolor Info: Driver file: pdftex.def on input line 225.
Package xcolor Info: Model `cmy' substituted by `cmy0' on input line 1348.
Package xcolor Info: Model `hsb' substituted by `rgb' on input line 1352.
Package xcolor Info: Model `RGB' extended on input line 1364.
Package xcolor Info: Model `HTML' substituted by `rgb' on input line 1366.
Package xcolor Info: Model `Hsb' substituted by `hsb' on input line 1367.
Package xcolor Info: Model `tHsb' substituted by `hsb' on input line 1368.
Package xcolor Info: Model `HSB' substituted by `hsb' on input line 1369.
Package xcolor Info: Model `Gray' substituted by `gray' on input line 1370.
Package xcolor Info: Model `wave' substituted by `hsb' on input line 1371.

(/usr/share/texlive/texmf-dist/tex/latex/graphics/dvipsnam.def
File: dvipsnam.def 2016/06/17 v3.0m Driver-dependent file (DPC,SPQR)
))
(/usr/share/texlive/texmf-dist/tex/generic/pgf/basiclayer/pgfcore.code.tex
Package: pgfcore 2010/04/11 v3.0.1a (rcs-revision 1.7)

(/usr/share/texlive/texmf-dist/tex/generic/pgf/math/pgfmath.code.tex
(/usr/share/texlive/texmf-dist/tex/generic/pgf/math/pgfmathcalc.code.tex
(/usr/share/texlive/texmf-dist/tex/generic/pgf/math/pgfmathutil.code.tex)
(/usr/share/texlive/texmf-dist/tex/generic/pgf/math/pgfmathparser.code.tex
\pgfmath@dimen=\dimen138
\pgfmath@count=\count112
\pgfmath@box=\box35
\pgfmath@toks=\toks23
\pgfmath@stack@operand=\toks24
\pgfmath@stack@operation=\toks25
)
(/usr/share/texlive/texmf-dist/tex/generic/pgf/math/pgfmathfunctions.code.tex
(/usr/share/texlive/texmf-dist/tex/generic/pgf/math/pgfmathfunctions.basic.code
.tex)
(/usr/share/texlive/texmf-dist/tex/generic/pgf/math/pgfmathfunctions.trigonomet
ric.code.tex)
(/usr/share/texlive/texmf-dist/tex/generic/pgf/math/pgfmathfunctions.random.cod
e.tex)
(/usr/share/texlive/texmf-dist/tex/generic/pgf/math/pgfmathfunctions.comparison
.code.tex)
(/usr/share/texlive/texmf-dist/tex/generic/pgf/math/pgfmathfunctions.base.code.
tex)
(/usr/share/texlive/texmf-dist/tex/generic/pgf/math/pgfmathfunctions.round.code
.tex)
(/usr/share/texlive/texmf-dist/tex/generic/pgf/math/pgfmathfunctions.misc.code.
tex)
(/usr/share/texlive/texmf-dist/tex/generic/pgf/math/pgfmathfunctions.integerari
thmetics.code.tex)))
(/usr/share/texlive/texmf-dist/tex/generic/pgf/math/pgfmathfloat.code.tex
\c@pgfmathroundto@lastzeros=\count113
))
(/usr/share/texlive/texmf-dist/tex/generic/pgf/basiclayer/pgfcorepoints.code.te
x
File: pgfcorepoints.code.tex 2013/10/07  (rcs-revision 1.27)
\pgf@picminx=\dimen139
\pgf@picmaxx=\dimen140
\pgf@picminy=\dimen141
\pgf@picmaxy=\dimen142
\pgf@pathminx=\dimen143
\pgf@pathmaxx=\dimen144
\pgf@pathminy=\dimen145
\pgf@pathmaxy=\dimen146
\pgf@xx=\dimen147
\pgf@xy=\dimen148
\pgf@yx=\dimen149
\pgf@yy=\dimen150
\pgf@zx=\dimen151
\pgf@zy=\dimen152
)
(/usr/share/texlive/texmf-dist/tex/generic/pgf/basiclayer/pgfcorepathconstruct.
code.tex
File: pgfcorepathconstruct.code.tex 2013/10/07  (rcs-revision 1.29)
\pgf@path@lastx=\dimen153
\pgf@path@lasty=\dimen154
)
(/usr/share/texlive/texmf-dist/tex/generic/pgf/basiclayer/pgfcorepathusage.code
.tex
File: pgfcorepathusage.code.tex 2014/11/02  (rcs-revision 1.24)
\pgf@shorten@end@additional=\dimen155
\pgf@shorten@start@additional=\dimen156
)
(/usr/share/texlive/texmf-dist/tex/generic/pgf/basiclayer/pgfcorescopes.code.te
x
File: pgfcorescopes.code.tex 2015/05/08  (rcs-revision 1.46)
\pgfpic=\box36
\pgf@hbox=\box37
\pgf@layerbox@main=\box38
\pgf@picture@serial@count=\count114
)
(/usr/share/texlive/texmf-dist/tex/generic/pgf/basiclayer/pgfcoregraphicstate.c
ode.tex
File: pgfcoregraphicstate.code.tex 2014/11/02  (rcs-revision 1.12)
\pgflinewidth=\dimen157
)
(/usr/share/texlive/texmf-dist/tex/generic/pgf/basiclayer/pgfcoretransformation
s.code.tex
File: pgfcoretransformations.code.tex 2015/08/07  (rcs-revision 1.20)
\pgf@pt@x=\dimen158
\pgf@pt@y=\dimen159
\pgf@pt@temp=\dimen160
)
(/usr/share/texlive/texmf-dist/tex/generic/pgf/basiclayer/pgfcorequick.code.tex
File: pgfcorequick.code.tex 2008/10/09  (rcs-revision 1.3)
)
(/usr/share/texlive/texmf-dist/tex/generic/pgf/basiclayer/pgfcoreobjects.code.t
ex
File: pgfcoreobjects.code.tex 2006/10/11  (rcs-revision 1.2)
)
(/usr/share/texlive/texmf-dist/tex/generic/pgf/basiclayer/pgfcorepathprocessing
.code.tex
File: pgfcorepathprocessing.code.tex 2013/09/09  (rcs-revision 1.9)
)
(/usr/share/texlive/texmf-dist/tex/generic/pgf/basiclayer/pgfcorearrows.code.te
x
File: pgfcorearrows.code.tex 2015/05/14  (rcs-revision 1.43)
\pgfarrowsep=\dimen161
)
(/usr/share/texlive/texmf-dist/tex/generic/pgf/basiclayer/pgfcoreshade.code.tex
File: pgfcoreshade.code.tex 2013/07/15  (rcs-revision 1.15)
\pgf@max=\dimen162
\pgf@sys@shading@range@num=\count115
)
(/usr/share/texlive/texmf-dist/tex/generic/pgf/basiclayer/pgfcoreimage.code.tex
File: pgfcoreimage.code.tex 2013/07/15  (rcs-revision 1.18)

(/usr/share/texlive/texmf-dist/tex/generic/pgf/basiclayer/pgfcoreexternal.code.
tex
File: pgfcoreexternal.code.tex 2014/07/09  (rcs-revision 1.21)
\pgfexternal@startupbox=\box39
))
(/usr/share/texlive/texmf-dist/tex/generic/pgf/basiclayer/pgfcorelayers.code.te
x
File: pgfcorelayers.code.tex 2013/07/18  (rcs-revision 1.7)
)
(/usr/share/texlive/texmf-dist/tex/generic/pgf/basiclayer/pgfcoretransparency.c
ode.tex
File: pgfcoretransparency.code.tex 2013/09/30  (rcs-revision 1.5)
)
(/usr/share/texlive/texmf-dist/tex/generic/pgf/basiclayer/pgfcorepatterns.code.
tex
File: pgfcorepatterns.code.tex 2013/11/07  (rcs-revision 1.5)
))) (/usr/share/texlive/texmf-dist/tex/latex/pgf/utilities/xxcolor.sty
Package: xxcolor 2003/10/24 ver 0.1
\XC@nummixins=\count116
\XC@countmixins=\count117
)
(/usr/share/texlive/texmf-dist/tex/generic/oberdiek/atbegshi.sty
Package: atbegshi 2016/06/09 v1.18 At begin shipout hook (HO)

(/usr/share/texlive/texmf-dist/tex/generic/oberdiek/infwarerr.sty
Package: infwarerr 2016/05/16 v1.4 Providing info/warning/error messages (HO)
)
(/usr/share/texlive/texmf-dist/tex/generic/oberdiek/ltxcmds.sty
Package: ltxcmds 2016/05/16 v1.23 LaTeX kernel commands for general use (HO)
))
(/usr/share/texlive/texmf-dist/tex/latex/hyperref/hyperref.sty
Package: hyperref 2017/03/14 v6.85a Hypertext links for LaTeX

(/usr/share/texlive/texmf-dist/tex/generic/oberdiek/hobsub-hyperref.sty
Package: hobsub-hyperref 2016/05/16 v1.14 Bundle oberdiek, subset hyperref (HO)


(/usr/share/texlive/texmf-dist/tex/generic/oberdiek/hobsub-generic.sty
Package: hobsub-generic 2016/05/16 v1.14 Bundle oberdiek, subset generic (HO)
Package: hobsub 2016/05/16 v1.14 Construct package bundles (HO)
Package hobsub Info: Skipping package `infwarerr' (already loaded).
Package hobsub Info: Skipping package `ltxcmds' (already loaded).
Package: ifluatex 2016/05/16 v1.4 Provides the ifluatex switch (HO)
Package ifluatex Info: LuaTeX not detected.
Package hobsub Info: Skipping package `ifvtex' (already loaded).
Package: intcalc 2016/05/16 v1.2 Expandable calculations with integers (HO)
Package hobsub Info: Skipping package `ifpdf' (already loaded).
Package: etexcmds 2016/05/16 v1.6 Avoid name clashes with e-TeX commands (HO)
Package etexcmds Info: Could not find \expanded.
(etexcmds)             That can mean that you are not using pdfTeX 1.50 or
(etexcmds)             that some package has redefined \expanded.
(etexcmds)             In the latter case, load this package earlier.
Package: kvsetkeys 2016/05/16 v1.17 Key value parser (HO)
Package: kvdefinekeys 2016/05/16 v1.4 Define keys (HO)
Package: pdftexcmds 2017/03/19 v0.25 Utility functions of pdfTeX for LuaTeX (HO
)
Package pdftexcmds Info: LuaTeX not detected.
Package pdftexcmds Info: \pdf@primitive is available.
Package pdftexcmds Info: \pdf@ifprimitive is available.
Package pdftexcmds Info: \pdfdraftmode found.
Package: pdfescape 2016/05/16 v1.14 Implements pdfTeX's escape features (HO)
Package: bigintcalc 2016/05/16 v1.4 Expandable calculations on big integers (HO
)
Package: bitset 2016/05/16 v1.2 Handle bit-vector datatype (HO)
Package: uniquecounter 2016/05/16 v1.3 Provide unlimited unique counter (HO)
)
Package hobsub Info: Skipping package `hobsub' (already loaded).
Package: letltxmacro 2016/05/16 v1.5 Let assignment for LaTeX macros (HO)
Package: hopatch 2016/05/16 v1.3 Wrapper for package hooks (HO)
Package: xcolor-patch 2016/05/16 xcolor patch
Package: atveryend 2016/05/16 v1.9 Hooks at the very end of document (HO)
Package hobsub Info: Skipping package `atbegshi' (already loaded).
Package: refcount 2016/05/16 v3.5 Data extraction from label references (HO)
Package: hycolor 2016/05/16 v1.8 Color options for hyperref/bookmark (HO)
)
(/usr/share/texlive/texmf-dist/tex/latex/oberdiek/auxhook.sty
Package: auxhook 2016/05/16 v1.4 Hooks for auxiliary files (HO)
)
(/usr/share/texlive/texmf-dist/tex/latex/oberdiek/kvoptions.sty
Package: kvoptions 2016/05/16 v3.12 Key value format for package options (HO)
)
\@linkdim=\dimen163
\Hy@linkcounter=\count118
\Hy@pagecounter=\count119

(/usr/share/texlive/texmf-dist/tex/latex/hyperref/pd1enc.def
File: pd1enc.def 2017/03/14 v6.85a Hyperref: PDFDocEncoding definition (HO)
)
\Hy@SavedSpaceFactor=\count120

(/usr/share/texlive/texmf-dist/tex/latex/latexconfig/hyperref.cfg
File: hyperref.cfg 2002/06/06 v1.2 hyperref configuration of TeXLive
)
Package hyperref Info: Option `bookmarks' set `true' on input line 4374.
Package hyperref Info: Option `bookmarksopen' set `true' on input line 4374.
Package hyperref Info: Option `implicit' set `false' on input line 4374.
Package hyperref Info: Hyper figures OFF on input line 4498.
Package hyperref Info: Link nesting OFF on input line 4503.
Package hyperref Info: Hyper index ON on input line 4506.
Package hyperref Info: Plain pages OFF on input line 4513.
Package hyperref Info: Backreferencing OFF on input line 4518.
Package hyperref Info: Implicit mode OFF; no redefinition of LaTeX internals.
Package hyperref Info: Bookmarks ON on input line 4751.
\c@Hy@tempcnt=\count121

(/usr/share/texlive/texmf-dist/tex/latex/url/url.sty
\Urlmuskip=\muskip10
Package: url 2013/09/16  ver 3.4  Verb mode for urls, etc.
)
LaTeX Info: Redefining \url on input line 5104.
\XeTeXLinkMargin=\dimen164
\Fld@menulength=\count122
\Field@Width=\dimen165
\Fld@charsize=\dimen166
Package hyperref Info: Hyper figures OFF on input line 6358.
Package hyperref Info: Link nesting OFF on input line 6363.
Package hyperref Info: Hyper index ON on input line 6366.
Package hyperref Info: backreferencing OFF on input line 6373.
Package hyperref Info: Link coloring OFF on input line 6378.
Package hyperref Info: Link coloring with OCG OFF on input line 6383.
Package hyperref Info: PDF/A mode OFF on input line 6388.
LaTeX Info: Redefining \ref on input line 6428.
LaTeX Info: Redefining \pageref on input line 6432.
\Hy@abspage=\count123


Package hyperref Message: Stopped early.

)

Package hyperref Message: Driver (autodetected): hpdftex.

(/usr/share/texlive/texmf-dist/tex/latex/hyperref/hpdftex.def
File: hpdftex.def 2017/03/14 v6.85a Hyperref driver for pdfTeX
\Fld@listcount=\count124
\c@bookmark@seq@number=\count125

(/usr/share/texlive/texmf-dist/tex/latex/oberdiek/rerunfilecheck.sty
Package: rerunfilecheck 2016/05/16 v1.8 Rerun checks for auxiliary files (HO)
Package uniquecounter Info: New unique counter `rerunfilecheck' on input line 2
82.
))
(/usr/share/texlive/texmf-dist/tex/latex/beamer/beamerbaserequires.sty
(/usr/share/texlive/texmf-dist/tex/latex/beamer/beamerbasecompatibility.sty)
(/usr/share/texlive/texmf-dist/tex/latex/beamer/beamerbasefont.sty
(/usr/share/texlive/texmf-dist/tex/latex/amsfonts/amssymb.sty
Package: amssymb 2013/01/14 v3.01 AMS font symbols

(/usr/share/texlive/texmf-dist/tex/latex/amsfonts/amsfonts.sty
Package: amsfonts 2013/01/14 v3.01 Basic AMSFonts support
\@emptytoks=\toks26
\symAMSa=\mathgroup4
\symAMSb=\mathgroup5
LaTeX Font Info:    Overwriting math alphabet `\mathfrak' in version `bold'
(Font)                  U/euf/m/n --> U/euf/b/n on input line 106.
))
(/usr/share/texlive/texmf-dist/tex/latex/sansmathaccent/sansmathaccent.sty
Package: sansmathaccent 2013/03/28

(/usr/share/texlive/texmf-dist/tex/latex/filehook/filehook.sty
Package: filehook 2011/10/12 v0.5d Hooks for input files
)))
(/usr/share/texlive/texmf-dist/tex/latex/beamer/beamerbasetranslator.sty
(/usr/share/texlive/texmf-dist/tex/latex/beamer/translator/translator.sty
Package: translator 2010/06/12 ver 1.10

(/usr/share/texlive/texmf-dist/tex/latex/beamer/translator/translator-language-
mappings.tex)))
(/usr/share/texlive/texmf-dist/tex/latex/beamer/beamerbasemisc.sty)
(/usr/share/texlive/texmf-dist/tex/latex/beamer/beamerbasetwoscreens.sty)
(/usr/share/texlive/texmf-dist/tex/latex/beamer/beamerbaseoverlay.sty
\beamer@argscount=\count126
\beamer@lastskipcover=\skip44
\beamer@trivlistdepth=\count127
)
(/usr/share/texlive/texmf-dist/tex/latex/beamer/beamerbasetitle.sty)
(/usr/share/texlive/texmf-dist/tex/latex/beamer/beamerbasesection.sty
\c@lecture=\count128
\c@part=\count129
\c@section=\count130
\c@subsection=\count131
\c@subsubsection=\count132
)
(/usr/share/texlive/texmf-dist/tex/latex/beamer/beamerbaseframe.sty
\beamer@framebox=\box40
\beamer@frametitlebox=\box41
\beamer@zoombox=\box42
\beamer@zoomcount=\count133
\beamer@zoomframecount=\count134
\beamer@frametextheight=\dimen167
\c@subsectionslide=\count135
\beamer@frametopskip=\skip45
\beamer@framebottomskip=\skip46
\beamer@frametopskipautobreak=\skip47
\beamer@framebottomskipautobreak=\skip48
\beamer@envbody=\toks27
\framewidth=\dimen168
\c@framenumber=\count136
)
(/usr/share/texlive/texmf-dist/tex/latex/beamer/beamerbaseverbatim.sty
\beamer@verbatimfileout=\write4
)
(/usr/share/texlive/texmf-dist/tex/latex/beamer/beamerbaseframesize.sty
\beamer@splitbox=\box43
\beamer@autobreakcount=\count137
\beamer@autobreaklastheight=\dimen169
\beamer@frametitletoks=\toks28
\beamer@framesubtitletoks=\toks29
)
(/usr/share/texlive/texmf-dist/tex/latex/beamer/beamerbaseframecomponents.sty
\beamer@footins=\box44
)
(/usr/share/texlive/texmf-dist/tex/latex/beamer/beamerbasecolor.sty)
(/usr/share/texlive/texmf-dist/tex/latex/beamer/beamerbasenotes.sty
\beamer@frameboxcopy=\box45
)
(/usr/share/texlive/texmf-dist/tex/latex/beamer/beamerbasetoc.sty)
(/usr/share/texlive/texmf-dist/tex/latex/beamer/beamerbasetemplates.sty
\beamer@sbttoks=\toks30

(/usr/share/texlive/texmf-dist/tex/latex/beamer/beamerbaseauxtemplates.sty
(/usr/share/texlive/texmf-dist/tex/latex/beamer/beamerbaseboxes.sty
\bmb@box=\box46
\bmb@colorbox=\box47
\bmb@boxshadow=\box48
\bmb@boxshadowball=\box49
\bmb@boxshadowballlarge=\box50
\bmb@temp=\dimen170
\bmb@dima=\dimen171
\bmb@dimb=\dimen172
\bmb@prevheight=\dimen173
)
\beamer@blockheadheight=\dimen174
))
(/usr/share/texlive/texmf-dist/tex/latex/beamer/beamerbaselocalstructure.sty
(/usr/share/texlive/texmf-dist/tex/latex/tools/enumerate.sty
Package: enumerate 2015/07/23 v3.00 enumerate extensions (DPC)
\@enLab=\toks31
)
\c@figure=\count138
\c@table=\count139
\abovecaptionskip=\skip49
\belowcaptionskip=\skip50
)
(/usr/share/texlive/texmf-dist/tex/latex/beamer/beamerbasenavigation.sty
\beamer@section@min@dim=\dimen175
)
(/usr/share/texlive/texmf-dist/tex/latex/beamer/beamerbasetheorems.sty
(/usr/share/texlive/texmf-dist/tex/latex/amsmath/amsmath.sty
Package: amsmath 2016/11/05 v2.16a AMS math features
\@mathmargin=\skip51

For additional information on amsmath, use the `?' option.
(/usr/share/texlive/texmf-dist/tex/latex/amsmath/amstext.sty
Package: amstext 2000/06/29 v2.01 AMS text

(/usr/share/texlive/texmf-dist/tex/latex/amsmath/amsgen.sty
File: amsgen.sty 1999/11/30 v2.0 generic functions
\@emptytoks=\toks32
\ex@=\dimen176
))
(/usr/share/texlive/texmf-dist/tex/latex/amsmath/amsbsy.sty
Package: amsbsy 1999/11/29 v1.2d Bold Symbols
\pmbraise@=\dimen177
)
(/usr/share/texlive/texmf-dist/tex/latex/amsmath/amsopn.sty
Package: amsopn 2016/03/08 v2.02 operator names
)
\inf@bad=\count140
LaTeX Info: Redefining \frac on input line 213.
\uproot@=\count141
\leftroot@=\count142
LaTeX Info: Redefining \overline on input line 375.
\classnum@=\count143
\DOTSCASE@=\count144
LaTeX Info: Redefining \ldots on input line 472.
LaTeX Info: Redefining \dots on input line 475.
LaTeX Info: Redefining \cdots on input line 596.
\Mathstrutbox@=\box51
\strutbox@=\box52
\big@size=\dimen178
LaTeX Font Info:    Redeclaring font encoding OML on input line 712.
LaTeX Font Info:    Redeclaring font encoding OMS on input line 713.
\macc@depth=\count145
\c@MaxMatrixCols=\count146
\dotsspace@=\muskip11
\c@parentequation=\count147
\dspbrk@lvl=\count148
\tag@help=\toks33
\row@=\count149
\column@=\count150
\maxfields@=\count151
\andhelp@=\toks34
\eqnshift@=\dimen179
\alignsep@=\dimen180
\tagshift@=\dimen181
\tagwidth@=\dimen182
\totwidth@=\dimen183
\lineht@=\dimen184
\@envbody=\toks35
\multlinegap=\skip52
\multlinetaggap=\skip53
\mathdisplay@stack=\toks36
LaTeX Info: Redefining \[ on input line 2817.
LaTeX Info: Redefining \] on input line 2818.
)
(/usr/share/texlive/texmf-dist/tex/latex/amscls/amsthm.sty
Package: amsthm 2015/03/04 v2.20.2
\thm@style=\toks37
\thm@bodyfont=\toks38
\thm@headfont=\toks39
\thm@notefont=\toks40
\thm@headpunct=\toks41
\thm@preskip=\skip54
\thm@postskip=\skip55
\thm@headsep=\skip56
\dth@everypar=\toks42
)
\c@theorem=\count152
)
(/usr/share/texlive/texmf-dist/tex/latex/beamer/beamerbasethemes.sty))
(/usr/share/texlive/texmf-dist/tex/latex/beamer/themes/theme/beamerthemedefault
.sty
(/usr/share/texlive/texmf-dist/tex/latex/beamer/themes/font/beamerfontthemedefa
ult.sty)
(/usr/share/texlive/texmf-dist/tex/latex/beamer/themes/color/beamercolorthemede
fault.sty)
(/usr/share/texlive/texmf-dist/tex/latex/beamer/themes/inner/beamerinnerthemede
fault.sty
\beamer@dima=\dimen185
\beamer@dimb=\dimen186
)
(/usr/share/texlive/texmf-dist/tex/latex/beamer/themes/outer/beamerouterthemede
fault.sty))) (./slides_base.tex (./natbib.sty
Package: natbib 2000/07/24 7.0a (PWD)
\bibhang=\skip57
\bibsep=\skip58
LaTeX Info: Redefining \cite on input line 508.
\c@NAT@ctr=\count153
)
(/usr/share/texlive/texmf-dist/tex/latex/cancel/cancel.sty
Package: cancel 2013/04/12 v2.2 Cancel math terms
)
(/usr/share/texlive/texmf-dist/tex/latex/setspace/setspace.sty
Package: setspace 2011/12/19 v6.7a set line spacing
)
(/usr/share/texlive/texmf-dist/tex/latex/pgf/frontendlayer/tikz.sty
(/usr/share/texlive/texmf-dist/tex/latex/pgf/basiclayer/pgf.sty
Package: pgf 2015/08/07 v3.0.1a (rcs-revision 1.15)

(/usr/share/texlive/texmf-dist/tex/generic/pgf/modules/pgfmoduleshapes.code.tex
File: pgfmoduleshapes.code.tex 2014/03/21  (rcs-revision 1.35)
\pgfnodeparttextbox=\box53
) (/usr/share/texlive/texmf-dist/tex/generic/pgf/modules/pgfmoduleplot.code.tex
File: pgfmoduleplot.code.tex 2015/08/03  (rcs-revision 1.13)
)
(/usr/share/texlive/texmf-dist/tex/latex/pgf/compatibility/pgfcomp-version-0-65
.sty
Package: pgfcomp-version-0-65 2007/07/03 v3.0.1a (rcs-revision 1.7)
\pgf@nodesepstart=\dimen187
\pgf@nodesepend=\dimen188
)
(/usr/share/texlive/texmf-dist/tex/latex/pgf/compatibility/pgfcomp-version-1-18
.sty
Package: pgfcomp-version-1-18 2007/07/23 v3.0.1a (rcs-revision 1.1)
)) (/usr/share/texlive/texmf-dist/tex/latex/pgf/utilities/pgffor.sty
(/usr/share/texlive/texmf-dist/tex/latex/pgf/utilities/pgfkeys.sty
(/usr/share/texlive/texmf-dist/tex/generic/pgf/utilities/pgfkeys.code.tex))
(/usr/share/texlive/texmf-dist/tex/latex/pgf/math/pgfmath.sty
(/usr/share/texlive/texmf-dist/tex/generic/pgf/math/pgfmath.code.tex))
(/usr/share/texlive/texmf-dist/tex/generic/pgf/utilities/pgffor.code.tex
Package: pgffor 2013/12/13 v3.0.1a (rcs-revision 1.25)

(/usr/share/texlive/texmf-dist/tex/generic/pgf/math/pgfmath.code.tex)
\pgffor@iter=\dimen189
\pgffor@skip=\dimen190
\pgffor@stack=\toks43
\pgffor@toks=\toks44
))
(/usr/share/texlive/texmf-dist/tex/generic/pgf/frontendlayer/tikz/tikz.code.tex
Package: tikz 2015/08/07 v3.0.1a (rcs-revision 1.151)

(/usr/share/texlive/texmf-dist/tex/generic/pgf/libraries/pgflibraryplothandlers
.code.tex
File: pgflibraryplothandlers.code.tex 2013/08/31 v3.0.1a (rcs-revision 1.20)
\pgf@plot@mark@count=\count154
\pgfplotmarksize=\dimen191
)
\tikz@lastx=\dimen192
\tikz@lasty=\dimen193
\tikz@lastxsaved=\dimen194
\tikz@lastysaved=\dimen195
\tikzleveldistance=\dimen196
\tikzsiblingdistance=\dimen197
\tikz@figbox=\box54
\tikz@figbox@bg=\box55
\tikz@tempbox=\box56
\tikz@tempbox@bg=\box57
\tikztreelevel=\count155
\tikznumberofchildren=\count156
\tikznumberofcurrentchild=\count157
\tikz@fig@count=\count158

(/usr/share/texlive/texmf-dist/tex/generic/pgf/modules/pgfmodulematrix.code.tex
File: pgfmodulematrix.code.tex 2013/09/17  (rcs-revision 1.8)
\pgfmatrixcurrentrow=\count159
\pgfmatrixcurrentcolumn=\count160
\pgf@matrix@numberofcolumns=\count161
)
\tikz@expandcount=\count162

(/usr/share/texlive/texmf-dist/tex/generic/pgf/frontendlayer/tikz/libraries/tik
zlibrarytopaths.code.tex
File: tikzlibrarytopaths.code.tex 2008/06/17 v3.0.1a (rcs-revision 1.2)
)))
(/usr/share/texlive/texmf-dist/tex/latex/overpic/overpic.sty
Package: overpic 2010/09/13 v0.53  Overwriting graphics

Package: overpic v0.53 <2010/09/13> (RN)
(/usr/share/texlive/texmf-dist/tex/latex/eepic/epic.sty
Enhancements to Picture Environment. Version 1.2 - Released June 1, 1986
\@@multicnt=\count163
\d@lta=\count164
\@delta=\dimen198
\@@delta=\dimen199
\@gridcnt=\count165
\@joinkind=\count166
\@dotgap=\dimen256
\@ddotgap=\dimen257
\@x@diff=\count167
\@y@diff=\count168
\x@diff=\dimen258
\y@diff=\dimen259
\@dotbox=\box58
\num@segments=\count169
\num@segmentsi=\count170
\@datafile=\read2
)
overpic: relative positioning in percent
)
(/usr/share/texlive/texmf-dist/tex/generic/pgf/frontendlayer/tikz/libraries/tik
zlibrarycalc.code.tex
File: tikzlibrarycalc.code.tex 2013/07/15 v3.0.1a (rcs-revision 1.9)
)
(/usr/share/texlive/texmf-dist/tex/generic/pgf/frontendlayer/tikz/libraries/tik
zlibrarytrees.code.tex
File: tikzlibrarytrees.code.tex 2008/02/24 v3.0.1a (rcs-revision 1.2)
)
(/usr/share/texlive/texmf-dist/tex/generic/pgf/frontendlayer/tikz/libraries/tik
zlibrarypositioning.code.tex
File: tikzlibrarypositioning.code.tex 2008/10/06 v3.0.1a (rcs-revision 1.7)
)
(/usr/share/texlive/texmf-dist/tex/generic/pgf/frontendlayer/tikz/libraries/tik
zlibraryarrows.code.tex
File: tikzlibraryarrows.code.tex 2008/01/09 v3.0.1a (rcs-revision 1.1)

(/usr/share/texlive/texmf-dist/tex/generic/pgf/libraries/pgflibraryarrows.code.
tex
File: pgflibraryarrows.code.tex 2013/09/23 v3.0.1a (rcs-revision 1.16)
\arrowsize=\dimen260
))
(/usr/share/texlive/texmf-dist/tex/generic/pgf/frontendlayer/tikz/libraries/tik
zlibraryfit.code.tex
File: tikzlibraryfit.code.tex 2013/07/12 v3.0.1a (rcs-revision 1.5)
)
(/usr/share/texlive/texmf-dist/tex/generic/pgf/frontendlayer/tikz/libraries/tik
zlibraryshapes.code.tex
File: tikzlibraryshapes.code.tex 2008/01/09 v3.0.1a (rcs-revision 1.1)

(/usr/share/texlive/texmf-dist/tex/generic/pgf/frontendlayer/tikz/libraries/tik
zlibraryshapes.geometric.code.tex
File: tikzlibraryshapes.geometric.code.tex 2008/01/09 v3.0.1a (rcs-revision 1.1
)

(/usr/share/texlive/texmf-dist/tex/generic/pgf/libraries/shapes/pgflibraryshape
s.geometric.code.tex
File: pgflibraryshapes.geometric.code.tex 2008/06/26 v3.0.1a (rcs-revision 1.1)

))
(/usr/share/texlive/texmf-dist/tex/generic/pgf/frontendlayer/tikz/libraries/tik
zlibraryshapes.misc.code.tex
File: tikzlibraryshapes.misc.code.tex 2008/01/09 v3.0.1a (rcs-revision 1.1)

(/usr/share/texlive/texmf-dist/tex/generic/pgf/libraries/shapes/pgflibraryshape
s.misc.code.tex
File: pgflibraryshapes.misc.code.tex 2013/07/18 v3.0.1a (rcs-revision 1.5)
))
(/usr/share/texlive/texmf-dist/tex/generic/pgf/frontendlayer/tikz/libraries/tik
zlibraryshapes.symbols.code.tex
File: tikzlibraryshapes.symbols.code.tex 2008/01/09 v3.0.1a (rcs-revision 1.1)

(/usr/share/texlive/texmf-dist/tex/generic/pgf/libraries/shapes/pgflibraryshape
s.symbols.code.tex
File: pgflibraryshapes.symbols.code.tex 2013/09/11 v3.0.1a (rcs-revision 1.6)
))
(/usr/share/texlive/texmf-dist/tex/generic/pgf/frontendlayer/tikz/libraries/tik
zlibraryshapes.arrows.code.tex
File: tikzlibraryshapes.arrows.code.tex 2008/01/09 v3.0.1a (rcs-revision 1.1)

(/usr/share/texlive/texmf-dist/tex/generic/pgf/libraries/shapes/pgflibraryshape
s.arrows.code.tex
File: pgflibraryshapes.arrows.code.tex 2008/06/26 v3.0.1a (rcs-revision 1.1)
))
(/usr/share/texlive/texmf-dist/tex/generic/pgf/frontendlayer/tikz/libraries/tik
zlibraryshapes.callouts.code.tex
(/usr/share/texlive/texmf-dist/tex/generic/pgf/libraries/shapes/pgflibraryshape
s.callouts.code.tex))
(/usr/share/texlive/texmf-dist/tex/generic/pgf/frontendlayer/tikz/libraries/tik
zlibraryshapes.multipart.code.tex
File: tikzlibraryshapes.multipart.code.tex 2008/01/09 v3.0.1a (rcs-revision 1.1
)

(/usr/share/texlive/texmf-dist/tex/generic/pgf/libraries/shapes/pgflibraryshape
s.multipart.code.tex
File: pgflibraryshapes.multipart.code.tex 2010/01/07 v3.0.1a (rcs-revision 1.2)

\pgfnodepartlowerbox=\box59
\pgfnodeparttwobox=\box60
\pgfnodepartthreebox=\box61
\pgfnodepartfourbox=\box62
\pgfnodeparttwentybox=\box63
\pgfnodepartnineteenbox=\box64
\pgfnodeparteighteenbox=\box65
\pgfnodepartseventeenbox=\box66
\pgfnodepartsixteenbox=\box67
\pgfnodepartfifteenbox=\box68
\pgfnodepartfourteenbox=\box69
\pgfnodepartthirteenbox=\box70
\pgfnodeparttwelvebox=\box71
\pgfnodepartelevenbox=\box72
\pgfnodeparttenbox=\box73
\pgfnodepartninebox=\box74
\pgfnodeparteightbox=\box75
\pgfnodepartsevenbox=\box76
\pgfnodepartsixbox=\box77
\pgfnodepartfivebox=\box78
)))
(/usr/share/texlive/texmf-dist/tex/latex/tools/verbatim.sty
Package: verbatim 2014/10/28 v1.5q LaTeX2e package for verbatim enhancements
\every@verbatim=\toks45
\verbatim@line=\toks46
\verbatim@in@stream=\read3
)
(/usr/share/texlive/texmf-dist/tex/latex/stmaryrd/stmaryrd.sty
Package: stmaryrd 1994/03/03 St Mary's Road symbol package
\symstmry=\mathgroup6
LaTeX Font Info:    Overwriting symbol font `stmry' in version `bold'
(Font)                  U/stmry/m/n --> U/stmry/b/n on input line 89.
)
(/usr/share/texlive/texmf-dist/tex/latex/colortbl/colortbl.sty
Package: colortbl 2012/02/13 v1.0a Color table columns (DPC)

(/usr/share/texlive/texmf-dist/tex/latex/tools/array.sty
Package: array 2016/10/06 v2.4d Tabular extension package (FMi)
\col@sep=\dimen261
\extrarowheight=\dimen262
\NC@list=\toks47
\extratabsurround=\skip59
\backup@length=\skip60
)
\everycr=\toks48
\minrowclearance=\skip61
)
(/usr/share/texlive/texmf-dist/tex/latex/units/nicefrac.sty
Package: nicefrac 1998/08/04 v0.9b Nice fractions
\L@UnitsRaiseDisplaystyle=\skip62
\L@UnitsRaiseTextstyle=\skip63
\L@UnitsRaiseScriptstyle=\skip64

(/usr/share/texlive/texmf-dist/tex/latex/base/ifthen.sty
Package: ifthen 2014/09/29 v1.1c Standard LaTeX ifthen package (DPC)
)) (./kbordermatrix.sty
Package: kbordermatrix 2011/09/21 Bordered matrix with brackets
\kbcolsep=\skip65
\kbrowsep=\skip66
\br@kwd=\skip67
\k@bordht=\skip68
) (./beamerthememetropolis.sty
Package: beamerthememetropolis 2017/01/23 v1.2 Metropolis Beamer theme

(/usr/share/texlive/texmf-dist/tex/latex/pgfopts/pgfopts.sty
Package: pgfopts 2014/07/10 v2.1a LaTeX package options with pgfkeys
\pgfopts@list@add@a@toks=\toks49
\pgfopts@list@add@b@toks=\toks50
)
(./beamerinnerthememetropolis.sty
Package: beamerinnerthememetropolis 2017/01/23 Metropolis inner theme

(/usr/share/texlive/texmf-dist/tex/latex/tools/calc.sty
Package: calc 2014/10/28 v4.3 Infix arithmetic (KKT,FJ)
\calc@Acount=\count171
\calc@Bcount=\count172
\calc@Adimen=\dimen263
\calc@Bdimen=\dimen264
\calc@Askip=\skip69
\calc@Bskip=\skip70
LaTeX Info: Redefining \setlength on input line 80.
LaTeX Info: Redefining \addtolength on input line 81.
\calc@Ccount=\count173
\calc@Cskip=\skip71
)
\metropolis@titleseparator@linewidth=\skip72
\metropolis@progressonsectionpage=\skip73
\metropolis@progressonsectionpage@linewidth=\skip74
\metropolis@blocksep=\skip75
\metropolis@blockadjust=\skip76
\metropolis@parskip=\skip77
)
(./beamerouterthememetropolis.sty
Package: beamerouterthememetropolis 2017/01/23 Metropolis outer theme
\metropolis@frametitle@padding=\skip78
\metropolis@progressinheadfoot=\skip79
\metropolis@progressinheadfoot@linewidth=\skip80
) (./beamercolorthememetropolis.sty
Package: beamercolorthememetropolis 2017/01/23 Metropolis color theme
)
(./beamerfontthememetropolis.sty
Package: beamerfontthememetropolis 2017/01/23 Metropolis font theme


Package beamerthememetropolis Warning: You need to compile with XeLaTeX or LuaL
aTeX to use the Fira fonts on input line 95.

))

Package hyperref Warning: Token not allowed in a PDF string (PDFDocEncoding):
(hyperref)                removing `math shift' on input line 146.


Package hyperref Warning: Token not allowed in a PDF string (PDFDocEncoding):
(hyperref)                removing `superscript' on input line 146.


Package hyperref Warning: Token not allowed in a PDF string (PDFDocEncoding):
(hyperref)                removing `math shift' on input line 146.


Package hyperref Warning: Token not allowed in a PDF string (PDFDocEncoding):
(hyperref)                removing `math shift' on input line 146.


Package hyperref Warning: Token not allowed in a PDF string (PDFDocEncoding):
(hyperref)                removing `superscript' on input line 146.


Package hyperref Warning: Token not allowed in a PDF string (PDFDocEncoding):
(hyperref)                removing `math shift' on input line 146.


Package hyperref Warning: Token not allowed in a PDF string (PDFDocEncoding):
(hyperref)                removing `math shift' on input line 146.


Package hyperref Warning: Token not allowed in a PDF string (PDFDocEncoding):
(hyperref)                removing `superscript' on input line 146.


Package hyperref Warning: Token not allowed in a PDF string (PDFDocEncoding):
(hyperref)                removing `math shift' on input line 146.


Package hyperref Warning: Token not allowed in a PDF string (PDFDocEncoding):
(hyperref)                removing `math shift' on input line 146.


Package hyperref Warning: Token not allowed in a PDF string (PDFDocEncoding):
(hyperref)                removing `superscript' on input line 146.


Package hyperref Warning: Token not allowed in a PDF string (PDFDocEncoding):
(hyperref)                removing `math shift' on input line 146.

(/usr/share/texlive/texmf-dist/tex/latex/carlisle/remreset.sty) (./slides.aux)
\openout1 = `slides.aux'.

LaTeX Font Info:    Checking defaults for OML/cmm/m/it on input line 160.
LaTeX Font Info:    ... okay on input line 160.
LaTeX Font Info:    Checking defaults for T1/cmr/m/n on input line 160.
LaTeX Font Info:    ... okay on input line 160.
LaTeX Font Info:    Checking defaults for OT1/cmr/m/n on input line 160.
LaTeX Font Info:    ... okay on input line 160.
LaTeX Font Info:    Checking defaults for OMS/cmsy/m/n on input line 160.
LaTeX Font Info:    ... okay on input line 160.
LaTeX Font Info:    Checking defaults for OMX/cmex/m/n on input line 160.
LaTeX Font Info:    ... okay on input line 160.
LaTeX Font Info:    Checking defaults for U/cmr/m/n on input line 160.
LaTeX Font Info:    ... okay on input line 160.
LaTeX Font Info:    Checking defaults for PD1/pdf/m/n on input line 160.
LaTeX Font Info:    ... okay on input line 160.

*geometry* driver: auto-detecting
*geometry* detected driver: pdftex
*geometry* verbose mode - [ preamble ] result:
* driver: pdftex
* paper: custom
* layout: <same size as paper>
* layoutoffset:(h,v)=(0.0pt,0.0pt)
* modes: includehead includefoot 
* h-part:(L,W,R)=(28.45274pt, 307.28987pt, 28.45274pt)
* v-part:(T,H,B)=(0.0pt, 273.14662pt, 0.0pt)
* \paperwidth=364.19536pt
* \paperheight=273.14662pt
* \textwidth=307.28987pt
* \textheight=244.6939pt
* \oddsidemargin=-43.81725pt
* \evensidemargin=-43.81725pt
* \topmargin=-72.26999pt
* \headheight=14.22636pt
* \headsep=0.0pt
* \topskip=11.0pt
* \footskip=14.22636pt
* \marginparwidth=4.0pt
* \marginparsep=10.0pt
* \columnsep=10.0pt
* \skip\footins=10.0pt plus 4.0pt minus 2.0pt
* \hoffset=0.0pt
* \voffset=0.0pt
* \mag=1000
* \@twocolumnfalse
* \@twosidefalse
* \@mparswitchfalse
* \@reversemarginfalse
* (1in=72.27pt=25.4mm, 1cm=28.453pt)

(/usr/share/texlive/texmf-dist/tex/context/base/mkii/supp-pdf.mkii
[Loading MPS to PDF converter (version 2006.09.02).]
\scratchcounter=\count174
\scratchdimen=\dimen265
\scratchbox=\box79
\nofMPsegments=\count175
\nofMParguments=\count176
\everyMPshowfont=\toks51
\MPscratchCnt=\count177
\MPscratchDim=\dimen266
\MPnumerator=\count178
\makeMPintoPDFobject=\count179
\everyMPtoPDFconversion=\toks52
) (/usr/share/texlive/texmf-dist/tex/latex/oberdiek/epstopdf-base.sty
Package: epstopdf-base 2016/05/15 v2.6 Base part for package epstopdf

(/usr/share/texlive/texmf-dist/tex/latex/oberdiek/grfext.sty
Package: grfext 2016/05/16 v1.2 Manage graphics extensions (HO)
)
Package epstopdf-base Info: Redefining graphics rule for `.eps' on input line 4
38.
Package grfext Info: Graphics extension search list:
(grfext)             [.pdf,.png,.jpg,.mps,.jpeg,.jbig2,.jb2,.PDF,.PNG,.JPG,.JPE
G,.JBIG2,.JB2,.eps]
(grfext)             \AppendGraphicsExtensions on input line 456.

(/usr/share/texlive/texmf-dist/tex/latex/latexconfig/epstopdf-sys.cfg
File: epstopdf-sys.cfg 2010/07/13 v1.3 Configuration of (r)epstopdf for TeX Liv
e
))
ABD: EveryShipout initializing macros
\AtBeginShipoutBox=\box80
Package hyperref Info: Link coloring OFF on input line 160.

(/usr/share/texlive/texmf-dist/tex/latex/hyperref/nameref.sty
Package: nameref 2016/05/21 v2.44 Cross-referencing by name of section

(/usr/share/texlive/texmf-dist/tex/generic/oberdiek/gettitlestring.sty
Package: gettitlestring 2016/05/16 v1.5 Cleanup title references (HO)
)
\c@section@level=\count180
)
LaTeX Info: Redefining \ref on input line 160.
LaTeX Info: Redefining \pageref on input line 160.
LaTeX Info: Redefining \nameref on input line 160.

(./slides.out) (./slides.out)
\@outlinefile=\write5
\openout5 = `slides.out'.

LaTeX Font Info:    Overwriting symbol font `operators' in version `normal'
(Font)                  OT1/cmr/m/n --> OT1/cmss/m/n on input line 160.
LaTeX Font Info:    Overwriting symbol font `operators' in version `bold'
(Font)                  OT1/cmr/bx/n --> OT1/cmss/bx/n on input line 160.
\symnumbers=\mathgroup7
\sympureletters=\mathgroup8
LaTeX Font Info:    Overwriting math alphabet `\mathrm' in version `normal'
(Font)                  OT1/cmss/m/n --> OT1/cmr/m/n on input line 160.
LaTeX Font Info:    Redeclaring math alphabet \mathbf on input line 160.
LaTeX Font Info:    Overwriting math alphabet `\mathbf' in version `normal'
(Font)                  OT1/cmr/bx/n --> OT1/cmss/bx/n on input line 160.
LaTeX Font Info:    Overwriting math alphabet `\mathbf' in version `bold'
(Font)                  OT1/cmr/bx/n --> OT1/cmss/bx/n on input line 160.
LaTeX Font Info:    Redeclaring math alphabet \mathsf on input line 160.
LaTeX Font Info:    Overwriting math alphabet `\mathsf' in version `normal'
(Font)                  OT1/cmss/m/n --> OT1/cmss/m/n on input line 160.
LaTeX Font Info:    Overwriting math alphabet `\mathsf' in version `bold'
(Font)                  OT1/cmss/bx/n --> OT1/cmss/m/n on input line 160.
LaTeX Font Info:    Redeclaring math alphabet \mathit on input line 160.
LaTeX Font Info:    Overwriting math alphabet `\mathit' in version `normal'
(Font)                  OT1/cmr/m/it --> OT1/cmss/m/it on input line 160.
LaTeX Font Info:    Overwriting math alphabet `\mathit' in version `bold'
(Font)                  OT1/cmr/bx/it --> OT1/cmss/m/it on input line 160.
LaTeX Font Info:    Redeclaring math alphabet \mathtt on input line 160.
LaTeX Font Info:    Overwriting math alphabet `\mathtt' in version `normal'
(Font)                  OT1/cmtt/m/n --> OT1/cmtt/m/n on input line 160.
LaTeX Font Info:    Overwriting math alphabet `\mathtt' in version `bold'
(Font)                  OT1/cmtt/m/n --> OT1/cmtt/m/n on input line 160.
LaTeX Font Info:    Overwriting symbol font `numbers' in version `bold'
(Font)                  OT1/cmss/m/n --> OT1/cmss/bx/n on input line 160.
LaTeX Font Info:    Overwriting symbol font `pureletters' in version `bold'
(Font)                  OT1/cmss/m/it --> OT1/cmss/bx/it on input line 160.
LaTeX Font Info:    Overwriting math alphabet `\mathrm' in version `bold'
(Font)                  OT1/cmss/bx/n --> OT1/cmr/bx/n on input line 160.
LaTeX Font Info:    Overwriting math alphabet `\mathbf' in version `bold'
(Font)                  OT1/cmss/bx/n --> OT1/cmss/bx/n on input line 160.
LaTeX Font Info:    Overwriting math alphabet `\mathsf' in version `bold'
(Font)                  OT1/cmss/m/n --> OT1/cmss/bx/n on input line 160.
LaTeX Font Info:    Overwriting math alphabet `\mathit' in version `bold'
(Font)                  OT1/cmss/m/it --> OT1/cmss/bx/it on input line 160.
LaTeX Font Info:    Overwriting math alphabet `\mathtt' in version `bold'
(Font)                  OT1/cmtt/m/n --> OT1/cmtt/bx/n on input line 160.
LaTeX Font Info:    Redeclaring symbol font `pureletters' on input line 160.
LaTeX Font Info:    Overwriting symbol font `pureletters' in version `normal'
(Font)                  OT1/cmss/m/it --> OT1/mathkerncmss/m/sl on input line 1
60.
LaTeX Font Info:    Overwriting symbol font `pureletters' in version `bold'
(Font)                  OT1/cmss/bx/it --> OT1/mathkerncmss/m/sl on input line 
160.
LaTeX Font Info:    Overwriting symbol font `pureletters' in version `bold'
(Font)                  OT1/mathkerncmss/m/sl --> OT1/mathkerncmss/bx/sl on inp
ut line 160.

(/usr/share/texlive/texmf-dist/tex/latex/beamer/translator/dicts/translator-bas
ic-dictionary/translator-basic-dictionary-English.dict
Dictionary: translator-basic-dictionary, Language: English 
)
(/usr/share/texlive/texmf-dist/tex/latex/beamer/translator/dicts/translator-bib
liography-dictionary/translator-bibliography-dictionary-English.dict
Dictionary: translator-bibliography-dictionary, Language: English 
)
(/usr/share/texlive/texmf-dist/tex/latex/beamer/translator/dicts/translator-env
ironment-dictionary/translator-environment-dictionary-English.dict
Dictionary: translator-environment-dictionary, Language: English 
)
(/usr/share/texlive/texmf-dist/tex/latex/beamer/translator/dicts/translator-mon
ths-dictionary/translator-months-dictionary-English.dict
Dictionary: translator-months-dictionary, Language: English 
)
(/usr/share/texlive/texmf-dist/tex/latex/beamer/translator/dicts/translator-num
bers-dictionary/translator-numbers-dictionary-English.dict
Dictionary: translator-numbers-dictionary, Language: English 
)
(/usr/share/texlive/texmf-dist/tex/latex/beamer/translator/dicts/translator-the
orem-dictionary/translator-theorem-dictionary-English.dict
Dictionary: translator-theorem-dictionary, Language: English 
) (./slides.nav)
LaTeX Font Info:    Try loading font information for U+msa on input line 166.

(/usr/share/texlive/texmf-dist/tex/latex/amsfonts/umsa.fd
File: umsa.fd 2013/01/14 v3.01 AMS symbols A
)
LaTeX Font Info:    Try loading font information for U+msb on input line 166.

(/usr/share/texlive/texmf-dist/tex/latex/amsfonts/umsb.fd
File: umsb.fd 2013/01/14 v3.01 AMS symbols B
)
LaTeX Font Info:    Try loading font information for U+stmry on input line 166.


(/usr/share/texlive/texmf-dist/tex/latex/stmaryrd/Ustmry.fd)
LaTeX Font Info:    Try loading font information for OT1+mathkerncmss on input 
line 166.

(/usr/share/texlive/texmf-dist/tex/latex/sansmathaccent/ot1mathkerncmss.fd
File: ot1mathkerncmss.fd 2013/03/27 Fontinst v1.933 font definitions for OT1/ma
thkerncmss.
)
Overfull \vbox (47.30656pt too high) detected at line 166
 []

[1

{/var/lib/texmf/fonts/map/pdftex/updmap/pdftex.map}]
<pictures/saskia.jpg, id=35, 344.28625pt x 344.28625pt>
File: pictures/saskia.jpg Graphic file (type jpg)
<use pictures/saskia.jpg>
Package pdftex.def Info: pictures/saskia.jpg  used on input line 179. on input 
line 179.
Package pdftex.def Info: Requested size: 113.6148pt x 113.6148pt on input line 
179.
<pictures/melanie.jpg, id=36, 308.15125pt x 347.2975pt>
File: pictures/melanie.jpg Graphic file (type jpg)
<use pictures/melanie.jpg>
Package pdftex.def Info: pictures/melanie.jpg  used on input line 179. on input
 line 179.
Package pdftex.def Info: Requested size: 101.69022pt x 114.60852pt on input lin
e 179.
<pictures/johann.jpg, id=37, 245.91875pt x 369.38pt>
File: pictures/johann.jpg Graphic file (type jpg)
<use pictures/johann.jpg>
Package pdftex.def Info: pictures/johann.jpg  used on input line 179. on input 
line 179.
Package pdftex.def Info: Requested size: 76.23401pt x 114.5066pt on input line 
179.

Overfull \vbox (4.82555pt too high) detected at line 179
 []

[2

 <./pictures/saskia.jpg> <./pictures/melanie.jpg> <./pictures/johann.jpg>]
<pictures/tick.jpg, id=44, 246.6816pt x 259.2084pt>
File: pictures/tick.jpg Graphic file (type jpg)
<use pictures/tick.jpg>
Package pdftex.def Info: pictures/tick.jpg  used on input line 209. on input li
ne 209.
Package pdftex.def Info: Requested size: 86.33984pt x 90.72429pt on input line 
209.

Overfull \hbox (9.51738pt too wide) in paragraph at lines 209--209
 [] 
 []

<pictures/spiro.jpg, id=45, 63.95895pt x 60.225pt>
File: pictures/spiro.jpg Graphic file (type jpg)
<use pictures/spiro.jpg>
Package pdftex.def Info: pictures/spiro.jpg  used on input line 209. on input l
ine 209.
Package pdftex.def Info: Requested size: 89.5419pt x 84.31439pt on input line 2
09.

Overfull \hbox (12.71944pt too wide) in paragraph at lines 209--209
 [] 
 []


Overfull \vbox (17.95415pt too high) detected at line 209
 []

[3

 <./pictures/tick.jpg> <./pictures/spiro.jpg>]
Overfull \vbox (9.81197pt too high) detected at line 230
 []

[4

]
Overfull \vbox (9.81197pt too high) detected at line 230
 []

[5

]
Overfull \vbox (9.81197pt too high) detected at line 230
 []

[6

]
<pictures/mrna.pdf, id=68, pagebox=cropbox, 369.15402pt x 75.415pt>
File: pictures/mrna.pdf Graphic file (type pdf)
<use pictures/mrna.pdf>
Package pdftex.def Info: pictures/mrna.pdf  used on input line 243. on input li
ne 243.
Package pdftex.def Info: Requested size: 129.20584pt x 26.39563pt on input line
 243.
<pictures/measure_expr.pdf, id=69, pagebox=cropbox, 1372.67542pt x 346.17508pt>

File: pictures/measure_expr.pdf Graphic file (type pdf)
<use pictures/measure_expr.pdf>
Package pdftex.def Info: pictures/measure_expr.pdf  used on input line 243. on 
input line 243.
Package pdftex.def Info: Requested size: 343.16801pt x 86.54355pt on input line
 243.

Overfull \hbox (14.53859pt too wide) in paragraph at lines 243--243
 | [] 
 []


Overfull \vbox (1.1539pt too high) detected at line 243
 []

[7

 <./pictures/mrna.pdf> <./pictures/measure_expr.pdf

pdfTeX warning: pdflatex (file ./pictures/measure_expr.pdf): PDF inclusion: mul
tiple pdfs with page group included in a single page
>]
File: pictures/mrna.pdf Graphic file (type pdf)
<use pictures/mrna.pdf>
Package pdftex.def Info: pictures/mrna.pdf  used on input line 243. on input li
ne 243.
Package pdftex.def Info: Requested size: 129.20584pt x 26.39563pt on input line
 243.
File: pictures/measure_expr.pdf Graphic file (type pdf)
<use pictures/measure_expr.pdf>
Package pdftex.def Info: pictures/measure_expr.pdf  used on input line 243. on 
input line 243.
Package pdftex.def Info: Requested size: 343.16801pt x 86.54355pt on input line
 243.

Overfull \hbox (14.53859pt too wide) in paragraph at lines 243--243
 | [] 
 []


Overfull \vbox (1.1539pt too high) detected at line 243
 []

[8

]
File: pictures/mrna.pdf Graphic file (type pdf)
<use pictures/mrna.pdf>
Package pdftex.def Info: pictures/mrna.pdf  used on input line 243. on input li
ne 243.
Package pdftex.def Info: Requested size: 129.20584pt x 26.39563pt on input line
 243.
File: pictures/measure_expr.pdf Graphic file (type pdf)
<use pictures/measure_expr.pdf>
Package pdftex.def Info: pictures/measure_expr.pdf  used on input line 243. on 
input line 243.
Package pdftex.def Info: Requested size: 343.16801pt x 86.54355pt on input line
 243.

Overfull \hbox (14.53859pt too wide) in paragraph at lines 243--243
 | [] 
 []


Overfull \vbox (1.1539pt too high) detected at line 243
 []

[9

]
<pictures/mixture_cartoon.pdf, id=102, pagebox=cropbox, 1241.26344pt x 347.6540
5pt>
File: pictures/mixture_cartoon.pdf Graphic file (type pdf)
<use pictures/mixture_cartoon.pdf>
Package pdftex.def Info: pictures/mixture_cartoon.pdf  used on input line 263. 
on input line 263.
Package pdftex.def Info: Requested size: 347.55139pt x 97.34247pt on input line
 263.

Overfull \hbox (18.92197pt too wide) in paragraph at lines 263--263
[] [] 
 []

<pictures/mixture_cartoon_data.pdf, id=103, pagebox=cropbox, 1244.1088pt x 347.
65405pt>
File: pictures/mixture_cartoon_data.pdf Graphic file (type pdf)
<use pictures/mixture_cartoon_data.pdf>
Package pdftex.def Info: pictures/mixture_cartoon_data.pdf  used on input line 
263. on input line 263.
Package pdftex.def Info: Requested size: 348.34808pt x 97.34247pt on input line
 263.

Overfull \hbox (19.14948pt too wide) in paragraph at lines 263--263
[]| [] 
 []


Overfull \vbox (9.92445pt too high) detected at line 263
 []

[10

 <./pictures/mixture_cartoon.pdf>]
File: pictures/mixture_cartoon.pdf Graphic file (type pdf)
<use pictures/mixture_cartoon.pdf>
Package pdftex.def Info: pictures/mixture_cartoon.pdf  used on input line 263. 
on input line 263.
Package pdftex.def Info: Requested size: 347.55139pt x 97.34247pt on input line
 263.

Overfull \hbox (18.92197pt too wide) in paragraph at lines 263--263
[] [] 
 []

File: pictures/mixture_cartoon_data.pdf Graphic file (type pdf)
<use pictures/mixture_cartoon_data.pdf>
Package pdftex.def Info: pictures/mixture_cartoon_data.pdf  used on input line 
263. on input line 263.
Package pdftex.def Info: Requested size: 348.34808pt x 97.34247pt on input line
 263.

Overfull \hbox (19.14948pt too wide) in paragraph at lines 263--263
[]| [] 
 []


Overfull \vbox (9.92445pt too high) detected at line 263
 []

[11

 <./pictures/mixture_cartoon_data.pdf>] [12

]
Overfull \hbox (31.64061pt too wide) detected at line 313
[][]
 []


Overfull \vbox (8.46451pt too high) detected at line 313
 []

[13

]
Overfull \hbox (31.64061pt too wide) detected at line 313
[][]
 []


Overfull \vbox (8.46451pt too high) detected at line 313
 []

[14

] [15

] [16

] [17

] [18

] [19

] [20

] [21

] [22

] [23

] [24

]
<pictures/termscales.pdf, id=239, pagebox=cropbox, 1420.76868pt x 358.21pt>
File: pictures/termscales.pdf Graphic file (type pdf)
<use pictures/termscales.pdf>
Package pdftex.def Info: pictures/termscales.pdf  used on input line 380. on in
put line 380.
Package pdftex.def Info: Requested size: 340.99146pt x 85.97215pt on input line
 380.

Overfull \hbox (12.36203pt too wide) in paragraph at lines 380--380
 | [] 
 []


Overfull \vbox (22.14632pt too high) detected at line 380
 []

[25

 <./pictures/termscales.pdf>]
File: pictures/termscales.pdf Graphic file (type pdf)
<use pictures/termscales.pdf>
Package pdftex.def Info: pictures/termscales.pdf  used on input line 380. on in
put line 380.
Package pdftex.def Info: Requested size: 340.99146pt x 85.97215pt on input line
 380.

Overfull \hbox (12.36203pt too wide) in paragraph at lines 380--380
 | [] 
 []


Overfull \vbox (22.14632pt too high) detected at line 380
 []

[26

]
File: pictures/termscales.pdf Graphic file (type pdf)
<use pictures/termscales.pdf>
Package pdftex.def Info: pictures/termscales.pdf  used on input line 380. on in
put line 380.
Package pdftex.def Info: Requested size: 340.99146pt x 85.97215pt on input line
 380.

Overfull \hbox (12.36203pt too wide) in paragraph at lines 380--380
 | [] 
 []


Overfull \vbox (22.14632pt too high) detected at line 380
 []

[27

]
File: pictures/termscales.pdf Graphic file (type pdf)
<use pictures/termscales.pdf>
Package pdftex.def Info: pictures/termscales.pdf  used on input line 380. on in
put line 380.
Package pdftex.def Info: Requested size: 340.99146pt x 85.97215pt on input line
 380.

Overfull \hbox (12.36203pt too wide) in paragraph at lines 380--380
 | [] 
 []


Overfull \vbox (22.14632pt too high) detected at line 380
 []

[28

]
File: pictures/termscales.pdf Graphic file (type pdf)
<use pictures/termscales.pdf>
Package pdftex.def Info: pictures/termscales.pdf  used on input line 380. on in
put line 380.
Package pdftex.def Info: Requested size: 340.99146pt x 85.97215pt on input line
 380.

Overfull \hbox (12.36203pt too wide) in paragraph at lines 380--380
 | [] 
 []


Overfull \vbox (22.14632pt too high) detected at line 380
 []

[29

]
File: pictures/termscales.pdf Graphic file (type pdf)
<use pictures/termscales.pdf>
Package pdftex.def Info: pictures/termscales.pdf  used on input line 380. on in
put line 380.
Package pdftex.def Info: Requested size: 340.99146pt x 85.97215pt on input line
 380.

Overfull \hbox (12.36203pt too wide) in paragraph at lines 380--380
 | [] 
 []


Overfull \vbox (22.14632pt too high) detected at line 380
 []

[30

]
File: pictures/termscales.pdf Graphic file (type pdf)
<use pictures/termscales.pdf>
Package pdftex.def Info: pictures/termscales.pdf  used on input line 380. on in
put line 380.
Package pdftex.def Info: Requested size: 340.99146pt x 85.97215pt on input line
 380.

Overfull \hbox (12.36203pt too wide) in paragraph at lines 380--380
 | [] 
 []


Overfull \vbox (22.14632pt too high) detected at line 380
 []

[31

]
File: pictures/termscales.pdf Graphic file (type pdf)
<use pictures/termscales.pdf>
Package pdftex.def Info: pictures/termscales.pdf  used on input line 380. on in
put line 380.
Package pdftex.def Info: Requested size: 340.99146pt x 85.97215pt on input line
 380.

Overfull \hbox (12.36203pt too wide) in paragraph at lines 380--380
 | [] 
 []


Overfull \vbox (22.14632pt too high) detected at line 380
 []

[32

]
Overfull \vbox (9.59947pt too high) detected at line 404
 []

[33

]
Overfull \vbox (9.59947pt too high) detected at line 404
 []

[34

]
Overfull \vbox (9.59947pt too high) detected at line 404
 []

[35

]
<pictures/ma_mod_plot_empty.pdf, id=422, pagebox=cropbox, 1084.05pt x 867.24pt>

File: pictures/ma_mod_plot_empty.pdf Graphic file (type pdf)
<use pictures/ma_mod_plot_empty.pdf>
Package pdftex.def Info: pictures/ma_mod_plot_empty.pdf  used on input line 421
. on input line 421.
Package pdftex.def Info: Requested size: 249.32625pt x 199.461pt on input line 
421.
<pictures/ma_mod_plot.pdf, id=423, pagebox=cropbox, 1084.05pt x 867.24pt>
File: pictures/ma_mod_plot.pdf Graphic file (type pdf)
<use pictures/ma_mod_plot.pdf>
Package pdftex.def Info: pictures/ma_mod_plot.pdf  used on input line 421. on i
nput line 421.
Package pdftex.def Info: Requested size: 249.32625pt x 199.461pt on input line 
421.

Overfull \hbox (99.58464pt too wide) in paragraph at lines 421--421
| $[]$[]  
 []


Overfull \vbox (24.27354pt too high) detected at line 421
 []

[36

 <./pictures/ma_mod_plot_empty.pdf>]
File: pictures/ma_mod_plot_empty.pdf Graphic file (type pdf)
<use pictures/ma_mod_plot_empty.pdf>
Package pdftex.def Info: pictures/ma_mod_plot_empty.pdf  used on input line 421
. on input line 421.
Package pdftex.def Info: Requested size: 249.32625pt x 199.461pt on input line 
421.
File: pictures/ma_mod_plot.pdf Graphic file (type pdf)
<use pictures/ma_mod_plot.pdf>
Package pdftex.def Info: pictures/ma_mod_plot.pdf  used on input line 421. on i
nput line 421.
Package pdftex.def Info: Requested size: 249.32625pt x 199.461pt on input line 
421.

Overfull \hbox (99.58464pt too wide) in paragraph at lines 421--421
| $[]$[]  
 []


Overfull \vbox (24.27354pt too high) detected at line 421
 []

[37

 <./pictures/ma_mod_plot.pdf>]
File: pictures/ma_mod_plot_empty.pdf Graphic file (type pdf)
<use pictures/ma_mod_plot_empty.pdf>
Package pdftex.def Info: pictures/ma_mod_plot_empty.pdf  used on input line 421
. on input line 421.
Package pdftex.def Info: Requested size: 249.32625pt x 199.461pt on input line 
421.
File: pictures/ma_mod_plot.pdf Graphic file (type pdf)
<use pictures/ma_mod_plot.pdf>
Package pdftex.def Info: pictures/ma_mod_plot.pdf  used on input line 421. on i
nput line 421.
Package pdftex.def Info: Requested size: 249.32625pt x 199.461pt on input line 
421.

Overfull \hbox (99.58464pt too wide) in paragraph at lines 421--421
| $[]$[][]  
 []


Overfull \vbox (24.27354pt too high) detected at line 421
 []

[38

] [39

] [40

] [41

] [42

] [43

] [44

] [45

] [46

] [47

]
Overfull \vbox (25.55417pt too high) detected at line 484
 []

[48

]
Overfull \vbox (25.55417pt too high) detected at line 484
 []

[49

]
Overfull \vbox (25.55417pt too high) detected at line 484
 []

[50

]
Overfull \vbox (25.55417pt too high) detected at line 484
 []

[51

]
Overfull \vbox (25.55417pt too high) detected at line 484
 []

[52

]
Overfull \vbox (25.55417pt too high) detected at line 484
 []

[53

]
Overfull \hbox (29.92317pt too wide) detected at line 502
 [] \OT1/cmss/m/n/10.95 = \OT1/mathkerncmss/m/sl/10.95 L[][] []
 []


Overfull \vbox (12.87973pt too high) detected at line 502
 []

[54

]
File: pictures/ma_mod_plot.pdf Graphic file (type pdf)
<use pictures/ma_mod_plot.pdf>
Package pdftex.def Info: pictures/ma_mod_plot.pdf  used on input line 512. on i
nput line 512.
Package pdftex.def Info: Requested size: 184.28606pt x 147.42885pt on input lin
e 512.

Overfull \vbox (16.79678pt too high) detected at line 512
 []

[55

] [56

]
<pictures/Shen-Orr_scatter.pdf, id=580, pagebox=cropbox, 361.35pt x 289.08pt>
File: pictures/Shen-Orr_scatter.pdf Graphic file (type pdf)
<use pictures/Shen-Orr_scatter.pdf>
Package pdftex.def Info: pictures/Shen-Orr_scatter.pdf  used on input line 542.
 on input line 542.
Package pdftex.def Info: Requested size: 271.01184pt x 216.80946pt on input lin
e 542.

Overfull \vbox (20.21355pt too high) detected at line 542
 []

[57

 <./pictures/Shen-Orr_scatter.pdf>]
<pictures/Becht_scatter.pdf, id=594, pagebox=cropbox, 361.35pt x 289.08pt>
File: pictures/Becht_scatter.pdf Graphic file (type pdf)
<use pictures/Becht_scatter.pdf>
Package pdftex.def Info: pictures/Becht_scatter.pdf  used on input line 551. on
 input line 551.
Package pdftex.def Info: Requested size: 271.01184pt x 216.80946pt on input lin
e 551.

Overfull \vbox (20.21355pt too high) detected at line 551
 []

[58

 <./pictures/Becht_scatter.pdf>]
<pictures/meta_boxplots.pdf, id=608, pagebox=cropbox, 722.7pt x 289.08pt>
File: pictures/meta_boxplots.pdf Graphic file (type pdf)
<use pictures/meta_boxplots.pdf>
Package pdftex.def Info: pictures/meta_boxplots.pdf  used on input line 559. on
 input line 559.
Package pdftex.def Info: Requested size: 360.62129pt x 144.2485pt on input line
 559.

Overfull \hbox (27.31201pt too wide) in paragraph at lines 559--559
 |  [] 
 []

[59

 <./pictures/meta_boxplots.pdf>]
<pictures/q_mean2.pdf, id=642, pagebox=cropbox, 553.07133pt x 383.4618pt>
File: pictures/q_mean2.pdf Graphic file (type pdf)
<use pictures/q_mean2.pdf>
Package pdftex.def Info: pictures/q_mean2.pdf  used on input line 564. on input
 line 564.
Package pdftex.def Info: Requested size: 331.84535pt x 230.07884pt on input lin
e 564.

Overfull \hbox (24.55548pt too wide) in paragraph at lines 564--564
[][]  
 []


Overfull \vbox (21.48293pt too high) detected at line 564
 []

[60

 <./pictures/q_mean2.pdf>]
<pictures/time_plot.pdf, id=682, pagebox=cropbox, 361.35pt x 289.08pt>
File: pictures/time_plot.pdf Graphic file (type pdf)
<use pictures/time_plot.pdf>
Package pdftex.def Info: pictures/time_plot.pdf  used on input line 572. on inp
ut line 572.
Package pdftex.def Info: Requested size: 289.0804pt x 231.2643pt on input line 
572.

Overfull \vbox (34.66838pt too high) detected at line 572
 []

[61

 <./pictures/time_plot.pdf>] [62

]
<pictures/ctypes.pdf, id=722, pagebox=cropbox, 542.025pt x 361.35pt>
File: pictures/ctypes.pdf Graphic file (type pdf)
<use pictures/ctypes.pdf>
Package pdftex.def Info: pictures/ctypes.pdf  used on input line 595. on input 
line 595.
Package pdftex.def Info: Requested size: 352.31207pt x 234.87471pt on input lin
e 595.

Overfull \hbox (19.4149pt too wide) in paragraph at lines 595--595
 | [] 
 []


Overfull \vbox (39.69235pt too high) detected at line 595
 []

[63

 <./pictures/ctypes.pdf>] [64

]
Overfull \vbox (1.93095pt too high) detected at line 623
 []

[65

]
\c@finalframe=\count181
 [66

]
<pictures/confound.pdf, id=876, pagebox=cropbox, 735.83029pt x 477.67068pt>
File: pictures/confound.pdf Graphic file (type pdf)
<use pictures/confound.pdf>
Package pdftex.def Info: pictures/confound.pdf  used on input line 656. on inpu
t line 656.
Package pdftex.def Info: Requested size: 279.61841pt x 181.51674pt on input lin
e 656.

Overfull \hbox (95.24261pt too wide) in paragraph at lines 656--656
[][] 
 []

<pictures/confound2.pdf, id=877, pagebox=cropbox, 735.83029pt x 478.67986pt>
File: pictures/confound2.pdf Graphic file (type pdf)
<use pictures/confound2.pdf>
Package pdftex.def Info: pictures/confound2.pdf  used on input line 656. on inp
ut line 656.
Package pdftex.def Info: Requested size: 279.61841pt x 181.90022pt on input lin
e 656.

Overfull \hbox (95.24261pt too wide) in paragraph at lines 656--656
[][] 
 []


Overfull \hbox (30.34775pt too wide) in paragraph at lines 656--656
[][]  
 []


Overfull \vbox (13.29794pt too high) detected at line 656
 []

[67

 <./pictures/confound.pdf>]
File: pictures/confound.pdf Graphic file (type pdf)
<use pictures/confound.pdf>
Package pdftex.def Info: pictures/confound.pdf  used on input line 656. on inpu
t line 656.
Package pdftex.def Info: Requested size: 279.61841pt x 181.51674pt on input lin
e 656.

Overfull \hbox (95.24261pt too wide) in paragraph at lines 656--656
[][] 
 []

File: pictures/confound2.pdf Graphic file (type pdf)
<use pictures/confound2.pdf>
Package pdftex.def Info: pictures/confound2.pdf  used on input line 656. on inp
ut line 656.
Package pdftex.def Info: Requested size: 279.61841pt x 181.90022pt on input lin
e 656.

Overfull \hbox (95.24261pt too wide) in paragraph at lines 656--656
[][] 
 []


Overfull \hbox (30.34775pt too wide) in paragraph at lines 656--656
[][]  
 []


Overfull \vbox (13.29794pt too high) detected at line 656
 []

[68

 <./pictures/confound2.pdf>]
File: pictures/confound.pdf Graphic file (type pdf)
<use pictures/confound.pdf>
Package pdftex.def Info: pictures/confound.pdf  used on input line 656. on inpu
t line 656.
Package pdftex.def Info: Requested size: 279.61841pt x 181.51674pt on input lin
e 656.

Overfull \hbox (95.24261pt too wide) in paragraph at lines 656--656
[][] 
 []

File: pictures/confound2.pdf Graphic file (type pdf)
<use pictures/confound2.pdf>
Package pdftex.def Info: pictures/confound2.pdf  used on input line 656. on inp
ut line 656.
Package pdftex.def Info: Requested size: 279.61841pt x 181.90022pt on input lin
e 656.

Overfull \hbox (95.24261pt too wide) in paragraph at lines 656--656
[][] 
 []


Overfull \hbox (30.34775pt too wide) in paragraph at lines 656--656
[][]  
 []


Overfull \vbox (13.29794pt too high) detected at line 656
 []

[69

]
File: pictures/confound.pdf Graphic file (type pdf)
<use pictures/confound.pdf>
Package pdftex.def Info: pictures/confound.pdf  used on input line 656. on inpu
t line 656.
Package pdftex.def Info: Requested size: 279.61841pt x 181.51674pt on input lin
e 656.

Overfull \hbox (95.24261pt too wide) in paragraph at lines 656--656
[][] 
 []

File: pictures/confound2.pdf Graphic file (type pdf)
<use pictures/confound2.pdf>
Package pdftex.def Info: pictures/confound2.pdf  used on input line 656. on inp
ut line 656.
Package pdftex.def Info: Requested size: 279.61841pt x 181.90022pt on input lin
e 656.

Overfull \hbox (95.24261pt too wide) in paragraph at lines 656--656
[][] 
 []


Overfull \hbox (30.34775pt too wide) in paragraph at lines 656--656
[][]  
 []


Overfull \vbox (13.29794pt too high) detected at line 656
 []

[70

]
File: pictures/confound.pdf Graphic file (type pdf)
<use pictures/confound.pdf>
Package pdftex.def Info: pictures/confound.pdf  used on input line 656. on inpu
t line 656.
Package pdftex.def Info: Requested size: 279.61841pt x 181.51674pt on input lin
e 656.

Overfull \hbox (95.24261pt too wide) in paragraph at lines 656--656
[][] 
 []

File: pictures/confound2.pdf Graphic file (type pdf)
<use pictures/confound2.pdf>
Package pdftex.def Info: pictures/confound2.pdf  used on input line 656. on inp
ut line 656.
Package pdftex.def Info: Requested size: 279.61841pt x 181.90022pt on input lin
e 656.

Overfull \hbox (95.24261pt too wide) in paragraph at lines 656--656
[][] 
 []


Overfull \hbox (30.34775pt too wide) in paragraph at lines 656--656
[][]  
 []


Overfull \vbox (13.29794pt too high) detected at line 656
 []

[71

]
Overfull \hbox (45.52441pt too wide) in paragraph at lines 668--668
[][]  
 []

[72

]
File: pictures/ctypes.pdf Graphic file (type pdf)
<use pictures/ctypes.pdf>
Package pdftex.def Info: pictures/ctypes.pdf  used on input line 675. on input 
line 675.
Package pdftex.def Info: Requested size: 352.31207pt x 234.87471pt on input lin
e 675.

Overfull \hbox (19.4149pt too wide) in paragraph at lines 675--675
 | [] 
 []


Overfull \hbox (60.70107pt too wide) in paragraph at lines 675--675
[][]  
 []


Overfull \vbox (39.69235pt too high) detected at line 675
 []

[73

]
<pictures/ctypes2.pdf, id=932, pagebox=cropbox, 542.025pt x 361.35pt>
File: pictures/ctypes2.pdf Graphic file (type pdf)
<use pictures/ctypes2.pdf>
Package pdftex.def Info: pictures/ctypes2.pdf  used on input line 682. on input
 line 682.
Package pdftex.def Info: Requested size: 352.31207pt x 234.87471pt on input lin
e 682.

Overfull \hbox (19.4149pt too wide) in paragraph at lines 682--682
 | [] 
 []


Overfull \hbox (75.87218pt too wide) in paragraph at lines 682--682
[][]  
 []


Overfull \vbox (39.69235pt too high) detected at line 682
 []

[74

 <./pictures/ctypes2.pdf>]
<pictures/s_mean.pdf, id=1012, pagebox=cropbox, 722.7pt x 289.08pt>
File: pictures/s_mean.pdf Graphic file (type pdf)
<use pictures/s_mean.pdf>
Package pdftex.def Info: pictures/s_mean.pdf  used on input line 686. on input 
line 686.
Package pdftex.def Info: Requested size: 325.21199pt x 130.0848pt on input line
 686.

Overfull \hbox (17.92212pt too wide) in paragraph at lines 686--686
[][]  
 []

[75

 <./pictures/s_mean.pdf>]
File: pictures/q_mean2.pdf Graphic file (type pdf)
<use pictures/q_mean2.pdf>
Package pdftex.def Info: pictures/q_mean2.pdf  used on input line 690. on input
 line 690.
Package pdftex.def Info: Requested size: 331.84535pt x 230.07884pt on input lin
e 690.

Overfull \hbox (24.55548pt too wide) in paragraph at lines 690--690
[][]  
 []

[76

]
Overfull \hbox (121.39659pt too wide) in paragraph at lines 698--698
[][]  
 []

[77

] (./slides.bbl
Overfull \hbox (90.33772pt too wide) in paragraph at lines 1--1
[][][]  
 []

) [78

] [79


]
\tf@nav=\write6
\openout6 = `slides.nav'.

\tf@toc=\write7
\openout7 = `slides.toc'.

\tf@snm=\write8
\openout8 = `slides.snm'.

Package atveryend Info: Empty hook `BeforeClearDocument' on input line 706.
Package atveryend Info: Empty hook `AfterLastShipout' on input line 706.
 (./slides.aux)
Package atveryend Info: Executing hook `AtVeryEndDocument' on input line 706.
Package atveryend Info: Executing hook `AtEndAfterFileList' on input line 706.
Package rerunfilecheck Info: File `slides.out' has not changed.
(rerunfilecheck)             Checksum: 52CD02549433ABA97BBF1EF4B029E559;145.
 ) ) 
Here is how much of TeX's memory you used:
 24091 strings out of 492990
 496438 string characters out of 6135004
 606155 words of memory out of 5000000
 26864 multiletter control sequences out of 15000+600000
 23170 words of font info for 86 fonts, out of 8000000 for 9000
 1141 hyphenation exceptions out of 8191
 58i,26n,98p,1953b,790s stack positions out of 5000i,500n,10000p,200000b,80000s
</usr/share/texlive/texmf-dist/fonts/type1/public/amsfonts/cm/cmex10.pfb></
usr/share/texlive/texmf-dist/fonts/type1/public/amsfonts/cmextra/cmex8.pfb></us
r/share/texlive/texmf-dist/fonts/type1/public/amsfonts/cm/cmmi10.pfb></usr/shar
e/texlive/texmf-dist/fonts/type1/public/amsfonts/cm/cmmi12.pfb></usr/share/texl
ive/texmf-dist/fonts/type1/public/amsfonts/cm/cmmi7.pfb></usr/share/texlive/tex
mf-dist/fonts/type1/public/amsfonts/cm/cmmi8.pfb></usr/share/texlive/texmf-dist
/fonts/type1/public/amsfonts/cm/cmss10.pfb></usr/share/texlive/texmf-dist/fonts
/type1/public/amsfonts/cm/cmss12.pfb></usr/share/texlive/texmf-dist/fonts/type1
/public/amsfonts/cm/cmss8.pfb></usr/share/texlive/texmf-dist/fonts/type1/public
/amsfonts/cm/cmssbx10.pfb></usr/share/texlive/texmf-dist/fonts/type1/public/ams
fonts/cm/cmssi10.pfb></usr/share/texlive/texmf-dist/fonts/type1/public/amsfonts
/cm/cmssi12.pfb></usr/share/texlive/texmf-dist/fonts/type1/public/amsfonts/cm/c
mssi8.pfb></usr/share/texlive/texmf-dist/fonts/type1/public/amsfonts/cm/cmsy10.
pfb></usr/share/texlive/texmf-dist/fonts/type1/public/amsfonts/cm/cmsy6.pfb></u
sr/share/texlive/texmf-dist/fonts/type1/public/amsfonts/cm/cmsy7.pfb></usr/shar
e/texlive/texmf-dist/fonts/type1/public/amsfonts/cm/cmsy8.pfb></usr/share/texli
ve/texmf-dist/fonts/type1/public/amsfonts/cm/cmtt10.pfb></usr/share/texlive/tex
mf-dist/fonts/type1/public/amsfonts/cm/cmtt12.pfb></usr/share/texlive/texmf-dis
t/fonts/type1/urw/helvetic/uhvb8a.pfb></usr/share/texlive/texmf-dist/fonts/type
1/urw/helvetic/uhvr8a.pfb></usr/share/texlive/texmf-dist/fonts/type1/urw/symbol
/usyr.pfb></usr/share/texlive/texmf-dist/fonts/type1/urw/zapfding/uzdr.pfb>
Output written on slides.pdf (79 pages, 2082778 bytes).
PDF statistics:
 1160 PDF objects out of 1200 (max. 8388607)
 860 compressed objects within 9 object streams
 174 named destinations out of 1000 (max. 500000)
 177 words of extra memory for PDF output out of 10000 (max. 10000000)

